
> rest-express@1.0.0 dev
> NODE_ENV=development tsx --env-file .env server/index.ts

Loaded agent configurations: [
  'refinador',
  'analista de dados',
  'product owner',
  'qa',
  'scrum master',
  'tech lead',
  'ux designer'
]
Agent configs (excluding PM): [
  'analista de dados',
  'product owner',
  'qa',
  'refinador',
  'scrum master',
  'tech lead',
  'ux designer'
]
Initializing demand routing system...
Trained ML model loaded successfully
--- GitHubService Initialization ---
process.env.GITHUB_ACCESS_TOKEN: githu...
process.env.GITHUB_TOKEN: undefined
process.env.NODE_ENV: development
------------------------------------
GitHub API Key loaded (first 5 chars): githu...
Octokit client initialized successfully
Testing Octokit client with authenticated request...
simple-git initialized successfully
RepoService initializing GitHubService with token availability: true
GitHub token is available, first 5 chars: githu...
--- GitHubService Initialization ---
process.env.GITHUB_ACCESS_TOKEN: githu...
process.env.GITHUB_TOKEN: undefined
process.env.NODE_ENV: development
------------------------------------
GitHub API Key loaded (first 5 chars): githu...
Octokit client initialized successfully
Testing Octokit client with authenticated request...
simple-git initialized successfully
Demand routing system initialized successfully
Registered plugin: DiscoveryPlugin with priority: 10
Registered plugin: BugPlugin with priority: 10
Registered plugin: ImprovementPlugin with priority: 10
Routing system initialized with plugins
12:43:29 PM [express] serving on port 49206
12:44:03 PM [express] GET /api/demands 200 in 1ms :: []
Fetching user repositories from GitHub API
Listing user repositories from GitHub API
Successfully listed 15 repositories from GitHub API
Successfully fetched 15 repositories from GitHub API
12:44:06 PM [express] GET /api/github/repos 200 in 420ms :: [{"id":1022857613,"node_id":"R_kgDOPPeRjQ…
Starting repository indexing for jhonnybrzz1/AiChatFlow1 with demand description: true
GitHub token validation passed for jhonnybrzz1/AiChatFlow1
Calling repoService.indexRepo for jhonnybrzz1/AiChatFlow1
Starting repository indexing for jhonnybrzz1/AiChatFlow1
Repository indexing failed for jhonnybrzz1/AiChatFlow1: ErrorEvent {
  type: 'error',
  defaultPrevented: false,
  cancelable: false,
  timeStamp: 44472.937375
}
GitHub API error details - Status: Unknown status
Error in repository indexing endpoint: ErrorEvent {
  type: 'error',
  defaultPrevented: false,
  cancelable: false,
  timeStamp: 44476.363708
}
GitHub API error details - Status: Unknown status, Message: Unknown error
12:44:12 PM [express] POST /api/github/repos/jhonnybrzz1/AiChatFlow1/index 500 in 9ms :: {"content":"…
[PDF-GENERATOR] Starting PRD document generation {
  demandId: 999,
  contentLength: 399,
  timestamp: '2025-12-28T16:11:38.427Z'
}
[PDF-GENERATOR] PRD Markdown validation failed: {
  demandId: 999,
  errors: [
    {
      field: 'escopo',
      message: 'Seção "Escopo" ausente no documento',
      severity: 'error'
    },
    {
      field: 'in_scope',
      message: 'Subseção "In Scope" ausente',
      severity: 'error'
    },
    {
      field: 'out_scope',
      message: 'Subseção "Out of Scope" ausente',
      severity: 'error'
    },
    {
      field: 'requisitos_funcionais',
      message: 'Nenhum requisito funcional encontrado com formato válido (RF1, RF2, etc.)',
      severity: 'error'
    },
    {
      field: 'criterios_aceitacao',
      message: 'Seção "Critérios de Aceitação Gerais" ausente',
      severity: 'error'
    }
  ],
  timestamp: '2025-12-28T16:11:38.427Z'
}

❌ Erros de validação no PRD:

**Erros críticos:**
1. [escopo] Seção "Escopo" ausente no documento
2. [in_scope] Subseção "In Scope" ausente
3. [out_scope] Subseção "Out of Scope" ausente
4. [requisitos_funcionais] Nenhum requisito funcional encontrado com formato válido (RF1, RF2, etc.)
5. [criterios_aceitacao] Seção "Critérios de Aceitação Gerais" ausente

⚠️ **Avisos:**
1. [metricas] Seção "Métricas de Sucesso" ausente
[PDF-GENERATOR] PRD Markdown validation warnings: {
  demandId: 999,
  warnings: [
    {
      field: 'metricas',
      message: 'Seção "Métricas de Sucesso" ausente',
      severity: 'warning'
    }
  ],
  timestamp: '2025-12-28T16:11:38.428Z'
}
[PDF-GENERATOR-DEBUG] titleMatch: null
[PDF-GENERATOR-DEBUG] versionMatch: null
[PDF-GENERATOR-DEBUG] overviewObjectiveMatch: null
[PDF-GENERATOR-DEBUG] overviewProblemMatch: null
[PDF-GENERATOR-DEBUG] overviewSolutionMatch: null
[PDF-GENERATOR-DEBUG] functionalRequirementsMatch: null
[PDF-GENERATOR-DEBUG] nonFunctionalRequirementsMatch: null
[PDF-GENERATOR-DEBUG] inScopeMatch: null
[PDF-GENERATOR-DEBUG] outOfScopeMatch: null
[PDF-GENERATOR-DEBUG] acceptanceCriteriaMatch: null
[PDF-GENERATOR-DEBUG] risksMatch: null
[PDF-GENERATOR-DEBUG] primaryMetricsMatch: null
[PDF-GENERATOR-DEBUG] secondaryMetricsMatch: null
[PDF-GENERATOR-DEBUG] timelineMatch: null
[PDF-GENERATOR] Extracted PRD data for validation: {
  title: '',
  version: '1.0.0',
  hasTitle: false,
  contentLength: 399,
  overview: { objective: '', problem: '', solution: '' },
  functionalRequirements: [],
  nonFunctionalRequirements: [],
  scope: { inScope: [], outOfScope: [] },
  acceptanceCriteria: [],
  risks: [],
  metrics: { primary: [], secondary: [] },
  timeline: { mvpDate: '', phases: [] }
}
[PDF-GENERATOR] PRD Zod schema validation failed: {
  demandId: 999,
  errors: [
    '[title] Título deve ter no mínimo 5 caracteres',
    '[overview.objective] Objetivo deve ter no mínimo 20 caracteres',
    '[overview.problem] Descrição do problema deve ter no mínimo 20 caracteres',
    '[overview.solution] Descrição da solução deve ter no mínimo 20 caracteres',
    '[functionalRequirements] Pelo menos um requisito funcional é obrigatório',
    '[nonFunctionalRequirements] Pelo menos um requisito não funcional é obrigatório',
    "[scope.inScope] Pelo menos um item 'In Scope' é obrigatório",
    "[scope.outOfScope] Pelo menos um item 'Out of Scope' é obrigatório",
    '[acceptanceCriteria] Pelo menos um critério de aceitação geral é obrigatório',
    '[risks] Pelo menos um risco deve ser identificado',
    '[metrics.primary] Pelo menos um KPI primário é obrigatório',
    '[timeline.mvpDate] Data deve estar no formato YYYY-MM-DD'
  ],
  timestamp: '2025-12-28T16:11:38.429Z'
}
[PDF-GENERATOR] PRD Schema Error 1: [title] Título deve ter no mínimo 5 caracteres
[PDF-GENERATOR] PRD Schema Error 2: [overview.objective] Objetivo deve ter no mínimo 20 caracteres
[PDF-GENERATOR] PRD Schema Error 3: [overview.problem] Descrição do problema deve ter no mínimo 20 caracteres
[PDF-GENERATOR] PRD Schema Error 4: [overview.solution] Descrição da solução deve ter no mínimo 20 caracteres
[PDF-GENERATOR] PRD Schema Error 5: [functionalRequirements] Pelo menos um requisito funcional é obrigatório
[PDF-GENERATOR] PRD Schema Error 6: [nonFunctionalRequirements] Pelo menos um requisito não funcional é obrigatório
[PDF-GENERATOR] PRD Schema Error 7: [scope.inScope] Pelo menos um item 'In Scope' é obrigatório
[PDF-GENERATOR] PRD Schema Error 8: [scope.outOfScope] Pelo menos um item 'Out of Scope' é obrigatório
[PDF-GENERATOR] PRD Schema Error 9: [acceptanceCriteria] Pelo menos um critério de aceitação geral é obrigatório
[PDF-GENERATOR] PRD Schema Error 10: [risks] Pelo menos um risco deve ser identificado
[PDF-GENERATOR] PRD Schema Error 11: [metrics.primary] Pelo menos um KPI primário é obrigatório
[PDF-GENERATOR] PRD Schema Error 12: [timeline.mvpDate] Data deve estar no formato YYYY-MM-DD
[PDF-GENERATOR] Starting Tasks document generation {
  demandId: 999,
  contentLength: 262,
  timestamp: '2025-12-28T16:11:38.449Z'
}
[PDF-GENERATOR] Tasks Markdown validation failed: {
  demandId: 999,
  errors: [
    {
      field: 'metadados',
      message: 'Seção "Metadados" ausente no documento',
      severity: 'error'
    },
    {
      field: 'prioridade',
      message: 'Campo "Prioridade" ausente ou inválido (deve ser Alta, Média ou Baixa)',
      severity: 'error'
    },
    {
      field: 'responsavel',
      message: 'Campo "Responsável" ausente',
      severity: 'error'
    },
    {
      field: 'status',
      message: 'Campo "Status" ausente ou inválido (deve ser Não Iniciado, Em Progresso ou Concluído)',
      severity: 'error'
    },
    {
      field: 'tarefas',
      message: 'Nenhuma tarefa encontrada com formato válido (T1, T2, etc.)',
      severity: 'error'
    }
  ],
  timestamp: '2025-12-28T16:11:38.449Z'
}

❌ Erros de validação no Tasks:

**Erros críticos:**
1. [metadados] Seção "Metadados" ausente no documento
2. [prioridade] Campo "Prioridade" ausente ou inválido (deve ser Alta, Média ou Baixa)
3. [responsavel] Campo "Responsável" ausente
4. [status] Campo "Status" ausente ou inválido (deve ser Não Iniciado, Em Progresso ou Concluído)
5. [tarefas] Nenhuma tarefa encontrada com formato válido (T1, T2, etc.)

⚠️ **Avisos:**
1. [metricas] Seção "Métricas de Sucesso" ausente
[PDF-GENERATOR] Tasks Markdown validation warnings: {
  demandId: 999,
  warnings: [
    {
      field: 'metricas',
      message: 'Seção "Métricas de Sucesso" ausente',
      severity: 'warning'
    }
  ],
  timestamp: '2025-12-28T16:11:38.449Z'
}
[PDF-GENERATOR-DEBUG] titleMatch: null
[PDF-GENERATOR-DEBUG] versionMatch: null
[PDF-GENERATOR-DEBUG] priorityMatch: null
[PDF-GENERATOR-DEBUG] responsibleMatch: null
[PDF-GENERATOR-DEBUG] statusMatch: null
[PDF-GENERATOR-DEBUG] tasksMatch: null
[PDF-GENERATOR-DEBUG] successMetricsMatch: null
[PDF-GENERATOR] Extracted Tasks data for validation: {
  title: '',
  metadata: {
    priority: 'Média',
    responsible: '@unknown-team',
    status: 'Não Iniciado',
    version: '1.0.0'
  },
  tasks: [],
  successMetrics: [],
  contentLength: 262
}
[PDF-GENERATOR] Tasks Zod schema validation failed: {
  demandId: 999,
  errors: [
    '[title] Título deve ter no mínimo 5 caracteres',
    '[tasks] Pelo menos uma tarefa é obrigatória',
    '[successMetrics] Pelo menos uma métrica de sucesso é obrigatória'
  ],
  timestamp: '2025-12-28T16:11:38.450Z'
}
[PDF-GENERATOR] Tasks Schema Error 1: [title] Título deve ter no mínimo 5 caracteres
[PDF-GENERATOR] Tasks Schema Error 2: [tasks] Pelo menos uma tarefa é obrigatória
[PDF-GENERATOR] Tasks Schema Error 3: [successMetrics] Pelo menos uma métrica de sucesso é obrigatória
1:11:38 PM [express] GET /api/test-pdf 200 in 27ms :: {"message":"PDF generation test completed succ…
1:11:42 PM [express] GET /api/documents/test_prd.pdf 200 in 1ms
[PDF-GENERATOR] Starting PRD document generation {
  demandId: 999,
  contentLength: 399,
  timestamp: '2025-12-28T16:12:19.528Z'
}
[PDF-GENERATOR] PRD Markdown validation failed: {
  demandId: 999,
  errors: [
    {
      field: 'escopo',
      message: 'Seção "Escopo" ausente no documento',
      severity: 'error'
    },
    {
      field: 'in_scope',
      message: 'Subseção "In Scope" ausente',
      severity: 'error'
    },
    {
      field: 'out_scope',
      message: 'Subseção "Out of Scope" ausente',
      severity: 'error'
    },
    {
      field: 'requisitos_funcionais',
      message: 'Nenhum requisito funcional encontrado com formato válido (RF1, RF2, etc.)',
      severity: 'error'
    },
    {
      field: 'criterios_aceitacao',
      message: 'Seção "Critérios de Aceitação Gerais" ausente',
      severity: 'error'
    }
  ],
  timestamp: '2025-12-28T16:12:19.528Z'
}

❌ Erros de validação no PRD:

**Erros críticos:**
1. [escopo] Seção "Escopo" ausente no documento
2. [in_scope] Subseção "In Scope" ausente
3. [out_scope] Subseção "Out of Scope" ausente
4. [requisitos_funcionais] Nenhum requisito funcional encontrado com formato válido (RF1, RF2, etc.)
5. [criterios_aceitacao] Seção "Critérios de Aceitação Gerais" ausente

⚠️ **Avisos:**
1. [metricas] Seção "Métricas de Sucesso" ausente
[PDF-GENERATOR] PRD Markdown validation warnings: {
  demandId: 999,
  warnings: [
    {
      field: 'metricas',
      message: 'Seção "Métricas de Sucesso" ausente',
      severity: 'warning'
    }
  ],
  timestamp: '2025-12-28T16:12:19.528Z'
}
[PDF-GENERATOR-DEBUG] titleMatch: null
[PDF-GENERATOR-DEBUG] versionMatch: null
[PDF-GENERATOR-DEBUG] overviewObjectiveMatch: null
[PDF-GENERATOR-DEBUG] overviewProblemMatch: null
[PDF-GENERATOR-DEBUG] overviewSolutionMatch: null
[PDF-GENERATOR-DEBUG] functionalRequirementsMatch: null
[PDF-GENERATOR-DEBUG] nonFunctionalRequirementsMatch: null
[PDF-GENERATOR-DEBUG] inScopeMatch: null
[PDF-GENERATOR-DEBUG] outOfScopeMatch: null
[PDF-GENERATOR-DEBUG] acceptanceCriteriaMatch: null
[PDF-GENERATOR-DEBUG] risksMatch: null
[PDF-GENERATOR-DEBUG] primaryMetricsMatch: null
[PDF-GENERATOR-DEBUG] secondaryMetricsMatch: null
[PDF-GENERATOR-DEBUG] timelineMatch: null
[PDF-GENERATOR] Extracted PRD data for validation: {
  title: '',
  version: '1.0.0',
  hasTitle: false,
  contentLength: 399,
  overview: { objective: '', problem: '', solution: '' },
  functionalRequirements: [],
  nonFunctionalRequirements: [],
  scope: { inScope: [], outOfScope: [] },
  acceptanceCriteria: [],
  risks: [],
  metrics: { primary: [], secondary: [] },
  timeline: { mvpDate: '', phases: [] }
}
[PDF-GENERATOR] PRD Zod schema validation failed: {
  demandId: 999,
  errors: [
    '[title] Título deve ter no mínimo 5 caracteres',
    '[overview.objective] Objetivo deve ter no mínimo 20 caracteres',
    '[overview.problem] Descrição do problema deve ter no mínimo 20 caracteres',
    '[overview.solution] Descrição da solução deve ter no mínimo 20 caracteres',
    '[functionalRequirements] Pelo menos um requisito funcional é obrigatório',
    '[nonFunctionalRequirements] Pelo menos um requisito não funcional é obrigatório',
    "[scope.inScope] Pelo menos um item 'In Scope' é obrigatório",
    "[scope.outOfScope] Pelo menos um item 'Out of Scope' é obrigatório",
    '[acceptanceCriteria] Pelo menos um critério de aceitação geral é obrigatório',
    '[risks] Pelo menos um risco deve ser identificado',
    '[metrics.primary] Pelo menos um KPI primário é obrigatório',
    '[timeline.mvpDate] Data deve estar no formato YYYY-MM-DD'
  ],
  timestamp: '2025-12-28T16:12:19.529Z'
}
[PDF-GENERATOR] PRD Schema Error 1: [title] Título deve ter no mínimo 5 caracteres
[PDF-GENERATOR] PRD Schema Error 2: [overview.objective] Objetivo deve ter no mínimo 20 caracteres
[PDF-GENERATOR] PRD Schema Error 3: [overview.problem] Descrição do problema deve ter no mínimo 20 caracteres
[PDF-GENERATOR] PRD Schema Error 4: [overview.solution] Descrição da solução deve ter no mínimo 20 caracteres
[PDF-GENERATOR] PRD Schema Error 5: [functionalRequirements] Pelo menos um requisito funcional é obrigatório
[PDF-GENERATOR] PRD Schema Error 6: [nonFunctionalRequirements] Pelo menos um requisito não funcional é obrigatório
[PDF-GENERATOR] PRD Schema Error 7: [scope.inScope] Pelo menos um item 'In Scope' é obrigatório
[PDF-GENERATOR] PRD Schema Error 8: [scope.outOfScope] Pelo menos um item 'Out of Scope' é obrigatório
[PDF-GENERATOR] PRD Schema Error 9: [acceptanceCriteria] Pelo menos um critério de aceitação geral é obrigatório
[PDF-GENERATOR] PRD Schema Error 10: [risks] Pelo menos um risco deve ser identificado
[PDF-GENERATOR] PRD Schema Error 11: [metrics.primary] Pelo menos um KPI primário é obrigatório
[PDF-GENERATOR] PRD Schema Error 12: [timeline.mvpDate] Data deve estar no formato YYYY-MM-DD
[PDF-GENERATOR] Starting Tasks document generation {
  demandId: 999,
  contentLength: 262,
  timestamp: '2025-12-28T16:12:19.530Z'
}
[PDF-GENERATOR] Tasks Markdown validation failed: {
  demandId: 999,
  errors: [
    {
      field: 'metadados',
      message: 'Seção "Metadados" ausente no documento',
      severity: 'error'
    },
    {
      field: 'prioridade',
      message: 'Campo "Prioridade" ausente ou inválido (deve ser Alta, Média ou Baixa)',
      severity: 'error'
    },
    {
      field: 'responsavel',
      message: 'Campo "Responsável" ausente',
      severity: 'error'
    },
    {
      field: 'status',
      message: 'Campo "Status" ausente ou inválido (deve ser Não Iniciado, Em Progresso ou Concluído)',
      severity: 'error'
    },
    {
      field: 'tarefas',
      message: 'Nenhuma tarefa encontrada com formato válido (T1, T2, etc.)',
      severity: 'error'
    }
  ],
  timestamp: '2025-12-28T16:12:19.530Z'
}

❌ Erros de validação no Tasks:

**Erros críticos:**
1. [metadados] Seção "Metadados" ausente no documento
2. [prioridade] Campo "Prioridade" ausente ou inválido (deve ser Alta, Média ou Baixa)
3. [responsavel] Campo "Responsável" ausente
4. [status] Campo "Status" ausente ou inválido (deve ser Não Iniciado, Em Progresso ou Concluído)
5. [tarefas] Nenhuma tarefa encontrada com formato válido (T1, T2, etc.)

⚠️ **Avisos:**
1. [metricas] Seção "Métricas de Sucesso" ausente
[PDF-GENERATOR] Tasks Markdown validation warnings: {
  demandId: 999,
  warnings: [
    {
      field: 'metricas',
      message: 'Seção "Métricas de Sucesso" ausente',
      severity: 'warning'
    }
  ],
  timestamp: '2025-12-28T16:12:19.530Z'
}
[PDF-GENERATOR-DEBUG] titleMatch: null
[PDF-GENERATOR-DEBUG] versionMatch: null
[PDF-GENERATOR-DEBUG] priorityMatch: null
[PDF-GENERATOR-DEBUG] responsibleMatch: null
[PDF-GENERATOR-DEBUG] statusMatch: null
[PDF-GENERATOR-DEBUG] tasksMatch: null
[PDF-GENERATOR-DEBUG] successMetricsMatch: null
[PDF-GENERATOR] Extracted Tasks data for validation: {
  title: '',
  metadata: {
    priority: 'Média',
    responsible: '@unknown-team',
    status: 'Não Iniciado',
    version: '1.0.0'
  },
  tasks: [],
  successMetrics: [],
  contentLength: 262
}
[PDF-GENERATOR] Tasks Zod schema validation failed: {
  demandId: 999,
  errors: [
    '[title] Título deve ter no mínimo 5 caracteres',
    '[tasks] Pelo menos uma tarefa é obrigatória',
    '[successMetrics] Pelo menos uma métrica de sucesso é obrigatória'
  ],
  timestamp: '2025-12-28T16:12:19.530Z'
}
[PDF-GENERATOR] Tasks Schema Error 1: [title] Título deve ter no mínimo 5 caracteres
[PDF-GENERATOR] Tasks Schema Error 2: [tasks] Pelo menos uma tarefa é obrigatória
[PDF-GENERATOR] Tasks Schema Error 3: [successMetrics] Pelo menos uma métrica de sucesso é obrigatória
1:12:19 PM [express] GET /api/test-pdf 200 in 5ms :: {"message":"PDF generation test completed succe…
1:12:25 PM [express] GET /api/documents/test_prd.pdf 200 in 0ms
[PDF-GENERATOR] Starting PRD document generation {
  demandId: 999,
  contentLength: 399,
  timestamp: '2025-12-28T16:13:45.738Z'
}
[PDF-GENERATOR] PRD Markdown validation failed: {
  demandId: 999,
  errors: [
    {
      field: 'escopo',
      message: 'Seção "Escopo" ausente no documento',
      severity: 'error'
    },
    {
      field: 'in_scope',
      message: 'Subseção "In Scope" ausente',
      severity: 'error'
    },
    {
      field: 'out_scope',
      message: 'Subseção "Out of Scope" ausente',
      severity: 'error'
    },
    {
      field: 'requisitos_funcionais',
      message: 'Nenhum requisito funcional encontrado com formato válido (RF1, RF2, etc.)',
      severity: 'error'
    },
    {
      field: 'criterios_aceitacao',
      message: 'Seção "Critérios de Aceitação Gerais" ausente',
      severity: 'error'
    }
  ],
  timestamp: '2025-12-28T16:13:45.738Z'
}

❌ Erros de validação no PRD:

**Erros críticos:**
1. [escopo] Seção "Escopo" ausente no documento
2. [in_scope] Subseção "In Scope" ausente
3. [out_scope] Subseção "Out of Scope" ausente
4. [requisitos_funcionais] Nenhum requisito funcional encontrado com formato válido (RF1, RF2, etc.)
5. [criterios_aceitacao] Seção "Critérios de Aceitação Gerais" ausente

⚠️ **Avisos:**
1. [metricas] Seção "Métricas de Sucesso" ausente
[PDF-GENERATOR] PRD Markdown validation warnings: {
  demandId: 999,
  warnings: [
    {
      field: 'metricas',
      message: 'Seção "Métricas de Sucesso" ausente',
      severity: 'warning'
    }
  ],
  timestamp: '2025-12-28T16:13:45.738Z'
}
[PDF-GENERATOR-DEBUG] titleMatch: null
[PDF-GENERATOR-DEBUG] versionMatch: null
[PDF-GENERATOR-DEBUG] overviewObjectiveMatch: null
[PDF-GENERATOR-DEBUG] overviewProblemMatch: null
[PDF-GENERATOR-DEBUG] overviewSolutionMatch: null
[PDF-GENERATOR-DEBUG] functionalRequirementsMatch: null
[PDF-GENERATOR-DEBUG] nonFunctionalRequirementsMatch: null
[PDF-GENERATOR-DEBUG] inScopeMatch: null
[PDF-GENERATOR-DEBUG] outOfScopeMatch: null
[PDF-GENERATOR-DEBUG] acceptanceCriteriaMatch: null
[PDF-GENERATOR-DEBUG] risksMatch: null
[PDF-GENERATOR-DEBUG] primaryMetricsMatch: null
[PDF-GENERATOR-DEBUG] secondaryMetricsMatch: null
[PDF-GENERATOR-DEBUG] timelineMatch: null
[PDF-GENERATOR] Extracted PRD data for validation: {
  title: '',
  version: '1.0.0',
  hasTitle: false,
  contentLength: 399,
  overview: { objective: '', problem: '', solution: '' },
  functionalRequirements: [],
  nonFunctionalRequirements: [],
  scope: { inScope: [], outOfScope: [] },
  acceptanceCriteria: [],
  risks: [],
  metrics: { primary: [], secondary: [] },
  timeline: { mvpDate: '', phases: [] }
}
[PDF-GENERATOR] PRD Zod schema validation failed: {
  demandId: 999,
  errors: [
    '[title] Título deve ter no mínimo 5 caracteres',
    '[overview.objective] Objetivo deve ter no mínimo 20 caracteres',
    '[overview.problem] Descrição do problema deve ter no mínimo 20 caracteres',
    '[overview.solution] Descrição da solução deve ter no mínimo 20 caracteres',
    '[functionalRequirements] Pelo menos um requisito funcional é obrigatório',
    '[nonFunctionalRequirements] Pelo menos um requisito não funcional é obrigatório',
    "[scope.inScope] Pelo menos um item 'In Scope' é obrigatório",
    "[scope.outOfScope] Pelo menos um item 'Out of Scope' é obrigatório",
    '[acceptanceCriteria] Pelo menos um critério de aceitação geral é obrigatório',
    '[risks] Pelo menos um risco deve ser identificado',
    '[metrics.primary] Pelo menos um KPI primário é obrigatório',
    '[timeline.mvpDate] Data deve estar no formato YYYY-MM-DD'
  ],
  timestamp: '2025-12-28T16:13:45.739Z'
}
[PDF-GENERATOR] PRD Schema Error 1: [title] Título deve ter no mínimo 5 caracteres
[PDF-GENERATOR] PRD Schema Error 2: [overview.objective] Objetivo deve ter no mínimo 20 caracteres
[PDF-GENERATOR] PRD Schema Error 3: [overview.problem] Descrição do problema deve ter no mínimo 20 caracteres
[PDF-GENERATOR] PRD Schema Error 4: [overview.solution] Descrição da solução deve ter no mínimo 20 caracteres
[PDF-GENERATOR] PRD Schema Error 5: [functionalRequirements] Pelo menos um requisito funcional é obrigatório
[PDF-GENERATOR] PRD Schema Error 6: [nonFunctionalRequirements] Pelo menos um requisito não funcional é obrigatório
[PDF-GENERATOR] PRD Schema Error 7: [scope.inScope] Pelo menos um item 'In Scope' é obrigatório
[PDF-GENERATOR] PRD Schema Error 8: [scope.outOfScope] Pelo menos um item 'Out of Scope' é obrigatório
[PDF-GENERATOR] PRD Schema Error 9: [acceptanceCriteria] Pelo menos um critério de aceitação geral é obrigatório
[PDF-GENERATOR] PRD Schema Error 10: [risks] Pelo menos um risco deve ser identificado
[PDF-GENERATOR] PRD Schema Error 11: [metrics.primary] Pelo menos um KPI primário é obrigatório
[PDF-GENERATOR] PRD Schema Error 12: [timeline.mvpDate] Data deve estar no formato YYYY-MM-DD
[PDF-GENERATOR] Starting Tasks document generation {
  demandId: 999,
  contentLength: 262,
  timestamp: '2025-12-28T16:13:45.741Z'
}
[PDF-GENERATOR] Tasks Markdown validation failed: {
  demandId: 999,
  errors: [
    {
      field: 'metadados',
      message: 'Seção "Metadados" ausente no documento',
      severity: 'error'
    },
    {
      field: 'prioridade',
      message: 'Campo "Prioridade" ausente ou inválido (deve ser Alta, Média ou Baixa)',
      severity: 'error'
    },
    {
      field: 'responsavel',
      message: 'Campo "Responsável" ausente',
      severity: 'error'
    },
    {
      field: 'status',
      message: 'Campo "Status" ausente ou inválido (deve ser Não Iniciado, Em Progresso ou Concluído)',
      severity: 'error'
    },
    {
      field: 'tarefas',
      message: 'Nenhuma tarefa encontrada com formato válido (T1, T2, etc.)',
      severity: 'error'
    }
  ],
  timestamp: '2025-12-28T16:13:45.741Z'
}

❌ Erros de validação no Tasks:

**Erros críticos:**
1. [metadados] Seção "Metadados" ausente no documento
2. [prioridade] Campo "Prioridade" ausente ou inválido (deve ser Alta, Média ou Baixa)
3. [responsavel] Campo "Responsável" ausente
4. [status] Campo "Status" ausente ou inválido (deve ser Não Iniciado, Em Progresso ou Concluído)
5. [tarefas] Nenhuma tarefa encontrada com formato válido (T1, T2, etc.)

⚠️ **Avisos:**
1. [metricas] Seção "Métricas de Sucesso" ausente
[PDF-GENERATOR] Tasks Markdown validation warnings: {
  demandId: 999,
  warnings: [
    {
      field: 'metricas',
      message: 'Seção "Métricas de Sucesso" ausente',
      severity: 'warning'
    }
  ],
  timestamp: '2025-12-28T16:13:45.741Z'
}
[PDF-GENERATOR-DEBUG] titleMatch: null
[PDF-GENERATOR-DEBUG] versionMatch: null
[PDF-GENERATOR-DEBUG] priorityMatch: null
[PDF-GENERATOR-DEBUG] responsibleMatch: null
[PDF-GENERATOR-DEBUG] statusMatch: null
[PDF-GENERATOR-DEBUG] tasksMatch: null
[PDF-GENERATOR-DEBUG] successMetricsMatch: null
[PDF-GENERATOR] Extracted Tasks data for validation: {
  title: '',
  metadata: {
    priority: 'Média',
    responsible: '@unknown-team',
    status: 'Não Iniciado',
    version: '1.0.0'
  },
  tasks: [],
  successMetrics: [],
  contentLength: 262
}
[PDF-GENERATOR] Tasks Zod schema validation failed: {
  demandId: 999,
  errors: [
    '[title] Título deve ter no mínimo 5 caracteres',
    '[tasks] Pelo menos uma tarefa é obrigatória',
    '[successMetrics] Pelo menos uma métrica de sucesso é obrigatória'
  ],
  timestamp: '2025-12-28T16:13:45.741Z'
}
[PDF-GENERATOR] Tasks Schema Error 1: [title] Título deve ter no mínimo 5 caracteres
[PDF-GENERATOR] Tasks Schema Error 2: [tasks] Pelo menos uma tarefa é obrigatória
[PDF-GENERATOR] Tasks Schema Error 3: [successMetrics] Pelo menos uma métrica de sucesso é obrigatória
1:13:45 PM [express] GET /api/test-pdf 200 in 7ms :: {"message":"PDF generation test completed succe…
1:13:55 PM [express] GET /api/documents/test_prd.pdf 200 in 0ms
[PDF-GENERATOR] Starting PRD document generation {
  demandId: 999,
  contentLength: 399,
  timestamp: '2025-12-28T16:14:31.900Z'
}
[PDF-GENERATOR] PRD Markdown validation failed: {
  demandId: 999,
  errors: [
    {
      field: 'escopo',
      message: 'Seção "Escopo" ausente no documento',
      severity: 'error'
    },
    {
      field: 'in_scope',
      message: 'Subseção "In Scope" ausente',
      severity: 'error'
    },
    {
      field: 'out_scope',
      message: 'Subseção "Out of Scope" ausente',
      severity: 'error'
    },
    {
      field: 'requisitos_funcionais',
      message: 'Nenhum requisito funcional encontrado com formato válido (RF1, RF2, etc.)',
      severity: 'error'
    },
    {
      field: 'criterios_aceitacao',
      message: 'Seção "Critérios de Aceitação Gerais" ausente',
      severity: 'error'
    }
  ],
  timestamp: '2025-12-28T16:14:31.901Z'
}

❌ Erros de validação no PRD:

**Erros críticos:**
1. [escopo] Seção "Escopo" ausente no documento
2. [in_scope] Subseção "In Scope" ausente
3. [out_scope] Subseção "Out of Scope" ausente
4. [requisitos_funcionais] Nenhum requisito funcional encontrado com formato válido (RF1, RF2, etc.)
5. [criterios_aceitacao] Seção "Critérios de Aceitação Gerais" ausente

⚠️ **Avisos:**
1. [metricas] Seção "Métricas de Sucesso" ausente
[PDF-GENERATOR] PRD Markdown validation warnings: {
  demandId: 999,
  warnings: [
    {
      field: 'metricas',
      message: 'Seção "Métricas de Sucesso" ausente',
      severity: 'warning'
    }
  ],
  timestamp: '2025-12-28T16:14:31.901Z'
}
[PDF-GENERATOR-DEBUG] titleMatch: null
[PDF-GENERATOR-DEBUG] versionMatch: null
[PDF-GENERATOR-DEBUG] overviewObjectiveMatch: null
[PDF-GENERATOR-DEBUG] overviewProblemMatch: null
[PDF-GENERATOR-DEBUG] overviewSolutionMatch: null
[PDF-GENERATOR-DEBUG] functionalRequirementsMatch: null
[PDF-GENERATOR-DEBUG] nonFunctionalRequirementsMatch: null
[PDF-GENERATOR-DEBUG] inScopeMatch: null
[PDF-GENERATOR-DEBUG] outOfScopeMatch: null
[PDF-GENERATOR-DEBUG] acceptanceCriteriaMatch: null
[PDF-GENERATOR-DEBUG] risksMatch: null
[PDF-GENERATOR-DEBUG] primaryMetricsMatch: null
[PDF-GENERATOR-DEBUG] secondaryMetricsMatch: null
[PDF-GENERATOR-DEBUG] timelineMatch: null
[PDF-GENERATOR] Extracted PRD data for validation: {
  title: '',
  version: '1.0.0',
  hasTitle: false,
  contentLength: 399,
  overview: { objective: '', problem: '', solution: '' },
  functionalRequirements: [],
  nonFunctionalRequirements: [],
  scope: { inScope: [], outOfScope: [] },
  acceptanceCriteria: [],
  risks: [],
  metrics: { primary: [], secondary: [] },
  timeline: { mvpDate: '', phases: [] }
}
[PDF-GENERATOR] PRD Zod schema validation failed: {
  demandId: 999,
  errors: [
    '[title] Título deve ter no mínimo 5 caracteres',
    '[overview.objective] Objetivo deve ter no mínimo 20 caracteres',
    '[overview.problem] Descrição do problema deve ter no mínimo 20 caracteres',
    '[overview.solution] Descrição da solução deve ter no mínimo 20 caracteres',
    '[functionalRequirements] Pelo menos um requisito funcional é obrigatório',
    '[nonFunctionalRequirements] Pelo menos um requisito não funcional é obrigatório',
    "[scope.inScope] Pelo menos um item 'In Scope' é obrigatório",
    "[scope.outOfScope] Pelo menos um item 'Out of Scope' é obrigatório",
    '[acceptanceCriteria] Pelo menos um critério de aceitação geral é obrigatório',
    '[risks] Pelo menos um risco deve ser identificado',
    '[metrics.primary] Pelo menos um KPI primário é obrigatório',
    '[timeline.mvpDate] Data deve estar no formato YYYY-MM-DD'
  ],
  timestamp: '2025-12-28T16:14:31.901Z'
}
[PDF-GENERATOR] PRD Schema Error 1: [title] Título deve ter no mínimo 5 caracteres
[PDF-GENERATOR] PRD Schema Error 2: [overview.objective] Objetivo deve ter no mínimo 20 caracteres
[PDF-GENERATOR] PRD Schema Error 3: [overview.problem] Descrição do problema deve ter no mínimo 20 caracteres
[PDF-GENERATOR] PRD Schema Error 4: [overview.solution] Descrição da solução deve ter no mínimo 20 caracteres
[PDF-GENERATOR] PRD Schema Error 5: [functionalRequirements] Pelo menos um requisito funcional é obrigatório
[PDF-GENERATOR] PRD Schema Error 6: [nonFunctionalRequirements] Pelo menos um requisito não funcional é obrigatório
[PDF-GENERATOR] PRD Schema Error 7: [scope.inScope] Pelo menos um item 'In Scope' é obrigatório
[PDF-GENERATOR] PRD Schema Error 8: [scope.outOfScope] Pelo menos um item 'Out of Scope' é obrigatório
[PDF-GENERATOR] PRD Schema Error 9: [acceptanceCriteria] Pelo menos um critério de aceitação geral é obrigatório
[PDF-GENERATOR] PRD Schema Error 10: [risks] Pelo menos um risco deve ser identificado
[PDF-GENERATOR] PRD Schema Error 11: [metrics.primary] Pelo menos um KPI primário é obrigatório
[PDF-GENERATOR] PRD Schema Error 12: [timeline.mvpDate] Data deve estar no formato YYYY-MM-DD
[PDF-GENERATOR] Starting Tasks document generation {
  demandId: 999,
  contentLength: 262,
  timestamp: '2025-12-28T16:14:31.903Z'
}
[PDF-GENERATOR] Tasks Markdown validation failed: {
  demandId: 999,
  errors: [
    {
      field: 'metadados',
      message: 'Seção "Metadados" ausente no documento',
      severity: 'error'
    },
    {
      field: 'prioridade',
      message: 'Campo "Prioridade" ausente ou inválido (deve ser Alta, Média ou Baixa)',
      severity: 'error'
    },
    {
      field: 'responsavel',
      message: 'Campo "Responsável" ausente',
      severity: 'error'
    },
    {
      field: 'status',
      message: 'Campo "Status" ausente ou inválido (deve ser Não Iniciado, Em Progresso ou Concluído)',
      severity: 'error'
    },
    {
      field: 'tarefas',
      message: 'Nenhuma tarefa encontrada com formato válido (T1, T2, etc.)',
      severity: 'error'
    }
  ],
  timestamp: '2025-12-28T16:14:31.903Z'
}

❌ Erros de validação no Tasks:

**Erros críticos:**
1. [metadados] Seção "Metadados" ausente no documento
2. [prioridade] Campo "Prioridade" ausente ou inválido (deve ser Alta, Média ou Baixa)
3. [responsavel] Campo "Responsável" ausente
4. [status] Campo "Status" ausente ou inválido (deve ser Não Iniciado, Em Progresso ou Concluído)
5. [tarefas] Nenhuma tarefa encontrada com formato válido (T1, T2, etc.)

⚠️ **Avisos:**
1. [metricas] Seção "Métricas de Sucesso" ausente
[PDF-GENERATOR] Tasks Markdown validation warnings: {
  demandId: 999,
  warnings: [
    {
      field: 'metricas',
      message: 'Seção "Métricas de Sucesso" ausente',
      severity: 'warning'
    }
  ],
  timestamp: '2025-12-28T16:14:31.903Z'
}
[PDF-GENERATOR-DEBUG] titleMatch: null
[PDF-GENERATOR-DEBUG] versionMatch: null
[PDF-GENERATOR-DEBUG] priorityMatch: null
[PDF-GENERATOR-DEBUG] responsibleMatch: null
[PDF-GENERATOR-DEBUG] statusMatch: null
[PDF-GENERATOR-DEBUG] tasksMatch: null
[PDF-GENERATOR-DEBUG] successMetricsMatch: null
[PDF-GENERATOR] Extracted Tasks data for validation: {
  title: '',
  metadata: {
    priority: 'Média',
    responsible: '@unknown-team',
    status: 'Não Iniciado',
    version: '1.0.0'
  },
  tasks: [],
  successMetrics: [],
  contentLength: 262
}
[PDF-GENERATOR] Tasks Zod schema validation failed: {
  demandId: 999,
  errors: [
    '[title] Título deve ter no mínimo 5 caracteres',
    '[tasks] Pelo menos uma tarefa é obrigatória',
    '[successMetrics] Pelo menos uma métrica de sucesso é obrigatória'
  ],
  timestamp: '2025-12-28T16:14:31.903Z'
}
[PDF-GENERATOR] Tasks Schema Error 1: [title] Título deve ter no mínimo 5 caracteres
[PDF-GENERATOR] Tasks Schema Error 2: [tasks] Pelo menos uma tarefa é obrigatória
[PDF-GENERATOR] Tasks Schema Error 3: [successMetrics] Pelo menos uma métrica de sucesso é obrigatória
1:14:31 PM [express] GET /api/test-pdf 200 in 6ms :: {"message":"PDF generation test completed succe…
1:14:34 PM [express] GET /api/documents/test_prd.pdf 200 in 0ms
[PDF-GENERATOR] Starting PRD document generation {
  demandId: 999,
  contentLength: 399,
  timestamp: '2025-12-28T16:15:15.234Z'
}
[PDF-GENERATOR] PRD Markdown validation failed: {
  demandId: 999,
  errors: [
    {
      field: 'escopo',
      message: 'Seção "Escopo" ausente no documento',
      severity: 'error'
    },
    {
      field: 'in_scope',
      message: 'Subseção "In Scope" ausente',
      severity: 'error'
    },
    {
      field: 'out_scope',
      message: 'Subseção "Out of Scope" ausente',
      severity: 'error'
    },
    {
      field: 'requisitos_funcionais',
      message: 'Nenhum requisito funcional encontrado com formato válido (RF1, RF2, etc.)',
      severity: 'error'
    },
    {
      field: 'criterios_aceitacao',
      message: 'Seção "Critérios de Aceitação Gerais" ausente',
      severity: 'error'
    }
  ],
  timestamp: '2025-12-28T16:15:15.234Z'
}

❌ Erros de validação no PRD:

**Erros críticos:**
1. [escopo] Seção "Escopo" ausente no documento
2. [in_scope] Subseção "In Scope" ausente
3. [out_scope] Subseção "Out of Scope" ausente
4. [requisitos_funcionais] Nenhum requisito funcional encontrado com formato válido (RF1, RF2, etc.)
5. [criterios_aceitacao] Seção "Critérios de Aceitação Gerais" ausente

⚠️ **Avisos:**
1. [metricas] Seção "Métricas de Sucesso" ausente
[PDF-GENERATOR] PRD Markdown validation warnings: {
  demandId: 999,
  warnings: [
    {
      field: 'metricas',
      message: 'Seção "Métricas de Sucesso" ausente',
      severity: 'warning'
    }
  ],
  timestamp: '2025-12-28T16:15:15.234Z'
}
[PDF-GENERATOR-DEBUG] titleMatch: null
[PDF-GENERATOR-DEBUG] versionMatch: null
[PDF-GENERATOR-DEBUG] overviewObjectiveMatch: null
[PDF-GENERATOR-DEBUG] overviewProblemMatch: null
[PDF-GENERATOR-DEBUG] overviewSolutionMatch: null
[PDF-GENERATOR-DEBUG] functionalRequirementsMatch: null
[PDF-GENERATOR-DEBUG] nonFunctionalRequirementsMatch: null
[PDF-GENERATOR-DEBUG] inScopeMatch: null
[PDF-GENERATOR-DEBUG] outOfScopeMatch: null
[PDF-GENERATOR-DEBUG] acceptanceCriteriaMatch: null
[PDF-GENERATOR-DEBUG] risksMatch: null
[PDF-GENERATOR-DEBUG] primaryMetricsMatch: null
[PDF-GENERATOR-DEBUG] secondaryMetricsMatch: null
[PDF-GENERATOR-DEBUG] timelineMatch: null
[PDF-GENERATOR] Extracted PRD data for validation: {
  title: '',
  version: '1.0.0',
  hasTitle: false,
  contentLength: 399,
  overview: { objective: '', problem: '', solution: '' },
  functionalRequirements: [],
  nonFunctionalRequirements: [],
  scope: { inScope: [], outOfScope: [] },
  acceptanceCriteria: [],
  risks: [],
  metrics: { primary: [], secondary: [] },
  timeline: { mvpDate: '', phases: [] }
}
[PDF-GENERATOR] PRD Zod schema validation failed: {
  demandId: 999,
  errors: [
    '[title] Título deve ter no mínimo 5 caracteres',
    '[overview.objective] Objetivo deve ter no mínimo 20 caracteres',
    '[overview.problem] Descrição do problema deve ter no mínimo 20 caracteres',
    '[overview.solution] Descrição da solução deve ter no mínimo 20 caracteres',
    '[functionalRequirements] Pelo menos um requisito funcional é obrigatório',
    '[nonFunctionalRequirements] Pelo menos um requisito não funcional é obrigatório',
    "[scope.inScope] Pelo menos um item 'In Scope' é obrigatório",
    "[scope.outOfScope] Pelo menos um item 'Out of Scope' é obrigatório",
    '[acceptanceCriteria] Pelo menos um critério de aceitação geral é obrigatório',
    '[risks] Pelo menos um risco deve ser identificado',
    '[metrics.primary] Pelo menos um KPI primário é obrigatório',
    '[timeline.mvpDate] Data deve estar no formato YYYY-MM-DD'
  ],
  timestamp: '2025-12-28T16:15:15.234Z'
}
[PDF-GENERATOR] PRD Schema Error 1: [title] Título deve ter no mínimo 5 caracteres
[PDF-GENERATOR] PRD Schema Error 2: [overview.objective] Objetivo deve ter no mínimo 20 caracteres
[PDF-GENERATOR] PRD Schema Error 3: [overview.problem] Descrição do problema deve ter no mínimo 20 caracteres
[PDF-GENERATOR] PRD Schema Error 4: [overview.solution] Descrição da solução deve ter no mínimo 20 caracteres
[PDF-GENERATOR] PRD Schema Error 5: [functionalRequirements] Pelo menos um requisito funcional é obrigatório
[PDF-GENERATOR] PRD Schema Error 6: [nonFunctionalRequirements] Pelo menos um requisito não funcional é obrigatório
[PDF-GENERATOR] PRD Schema Error 7: [scope.inScope] Pelo menos um item 'In Scope' é obrigatório
[PDF-GENERATOR] PRD Schema Error 8: [scope.outOfScope] Pelo menos um item 'Out of Scope' é obrigatório
[PDF-GENERATOR] PRD Schema Error 9: [acceptanceCriteria] Pelo menos um critério de aceitação geral é obrigatório
[PDF-GENERATOR] PRD Schema Error 10: [risks] Pelo menos um risco deve ser identificado
[PDF-GENERATOR] PRD Schema Error 11: [metrics.primary] Pelo menos um KPI primário é obrigatório
[PDF-GENERATOR] PRD Schema Error 12: [timeline.mvpDate] Data deve estar no formato YYYY-MM-DD
[PDF-GENERATOR] Starting Tasks document generation {
  demandId: 999,
  contentLength: 262,
  timestamp: '2025-12-28T16:15:15.236Z'
}
[PDF-GENERATOR] Tasks Markdown validation failed: {
  demandId: 999,
  errors: [
    {
      field: 'metadados',
      message: 'Seção "Metadados" ausente no documento',
      severity: 'error'
    },
    {
      field: 'prioridade',
      message: 'Campo "Prioridade" ausente ou inválido (deve ser Alta, Média ou Baixa)',
      severity: 'error'
    },
    {
      field: 'responsavel',
      message: 'Campo "Responsável" ausente',
      severity: 'error'
    },
    {
      field: 'status',
      message: 'Campo "Status" ausente ou inválido (deve ser Não Iniciado, Em Progresso ou Concluído)',
      severity: 'error'
    },
    {
      field: 'tarefas',
      message: 'Nenhuma tarefa encontrada com formato válido (T1, T2, etc.)',
      severity: 'error'
    }
  ],
  timestamp: '2025-12-28T16:15:15.236Z'
}

❌ Erros de validação no Tasks:

**Erros críticos:**
1. [metadados] Seção "Metadados" ausente no documento
2. [prioridade] Campo "Prioridade" ausente ou inválido (deve ser Alta, Média ou Baixa)
3. [responsavel] Campo "Responsável" ausente
4. [status] Campo "Status" ausente ou inválido (deve ser Não Iniciado, Em Progresso ou Concluído)
5. [tarefas] Nenhuma tarefa encontrada com formato válido (T1, T2, etc.)

⚠️ **Avisos:**
1. [metricas] Seção "Métricas de Sucesso" ausente
[PDF-GENERATOR] Tasks Markdown validation warnings: {
  demandId: 999,
  warnings: [
    {
      field: 'metricas',
      message: 'Seção "Métricas de Sucesso" ausente',
      severity: 'warning'
    }
  ],
  timestamp: '2025-12-28T16:15:15.236Z'
}
[PDF-GENERATOR-DEBUG] titleMatch: null
[PDF-GENERATOR-DEBUG] versionMatch: null
[PDF-GENERATOR-DEBUG] priorityMatch: null
[PDF-GENERATOR-DEBUG] responsibleMatch: null
[PDF-GENERATOR-DEBUG] statusMatch: null
[PDF-GENERATOR-DEBUG] tasksMatch: null
[PDF-GENERATOR-DEBUG] successMetricsMatch: null
[PDF-GENERATOR] Extracted Tasks data for validation: {
  title: '',
  metadata: {
    priority: 'Média',
    responsible: '@unknown-team',
    status: 'Não Iniciado',
    version: '1.0.0'
  },
  tasks: [],
  successMetrics: [],
  contentLength: 262
}
[PDF-GENERATOR] Tasks Zod schema validation failed: {
  demandId: 999,
  errors: [
    '[title] Título deve ter no mínimo 5 caracteres',
    '[tasks] Pelo menos uma tarefa é obrigatória',
    '[successMetrics] Pelo menos uma métrica de sucesso é obrigatória'
  ],
  timestamp: '2025-12-28T16:15:15.236Z'
}
[PDF-GENERATOR] Tasks Schema Error 1: [title] Título deve ter no mínimo 5 caracteres
[PDF-GENERATOR] Tasks Schema Error 2: [tasks] Pelo menos uma tarefa é obrigatória
[PDF-GENERATOR] Tasks Schema Error 3: [successMetrics] Pelo menos uma métrica de sucesso é obrigatória
1:15:15 PM [express] GET /api/test-pdf 200 in 4ms :: {"message":"PDF generation test completed succe…
1:15:18 PM [express] GET /api/documents/test_prd.pdf 200 in 0ms
[PDF-GENERATOR] Starting PRD document generation {
  demandId: 999,
  contentLength: 399,
  timestamp: '2025-12-28T16:15:40.619Z'
}
[PDF-GENERATOR] PRD Markdown validation failed: {
  demandId: 999,
  errors: [
    {
      field: 'escopo',
      message: 'Seção "Escopo" ausente no documento',
      severity: 'error'
    },
    {
      field: 'in_scope',
      message: 'Subseção "In Scope" ausente',
      severity: 'error'
    },
    {
      field: 'out_scope',
      message: 'Subseção "Out of Scope" ausente',
      severity: 'error'
    },
    {
      field: 'requisitos_funcionais',
      message: 'Nenhum requisito funcional encontrado com formato válido (RF1, RF2, etc.)',
      severity: 'error'
    },
    {
      field: 'criterios_aceitacao',
      message: 'Seção "Critérios de Aceitação Gerais" ausente',
      severity: 'error'
    }
  ],
  timestamp: '2025-12-28T16:15:40.619Z'
}

❌ Erros de validação no PRD:

**Erros críticos:**
1. [escopo] Seção "Escopo" ausente no documento
2. [in_scope] Subseção "In Scope" ausente
3. [out_scope] Subseção "Out of Scope" ausente
4. [requisitos_funcionais] Nenhum requisito funcional encontrado com formato válido (RF1, RF2, etc.)
5. [criterios_aceitacao] Seção "Critérios de Aceitação Gerais" ausente

⚠️ **Avisos:**
1. [metricas] Seção "Métricas de Sucesso" ausente
[PDF-GENERATOR] PRD Markdown validation warnings: {
  demandId: 999,
  warnings: [
    {
      field: 'metricas',
      message: 'Seção "Métricas de Sucesso" ausente',
      severity: 'warning'
    }
  ],
  timestamp: '2025-12-28T16:15:40.620Z'
}
[PDF-GENERATOR-DEBUG] titleMatch: null
[PDF-GENERATOR-DEBUG] versionMatch: null
[PDF-GENERATOR-DEBUG] overviewObjectiveMatch: null
[PDF-GENERATOR-DEBUG] overviewProblemMatch: null
[PDF-GENERATOR-DEBUG] overviewSolutionMatch: null
[PDF-GENERATOR-DEBUG] functionalRequirementsMatch: null
[PDF-GENERATOR-DEBUG] nonFunctionalRequirementsMatch: null
[PDF-GENERATOR-DEBUG] inScopeMatch: null
[PDF-GENERATOR-DEBUG] outOfScopeMatch: null
[PDF-GENERATOR-DEBUG] acceptanceCriteriaMatch: null
[PDF-GENERATOR-DEBUG] risksMatch: null
[PDF-GENERATOR-DEBUG] primaryMetricsMatch: null
[PDF-GENERATOR-DEBUG] secondaryMetricsMatch: null
[PDF-GENERATOR-DEBUG] timelineMatch: null
[PDF-GENERATOR] Extracted PRD data for validation: {
  title: '',
  version: '1.0.0',
  hasTitle: false,
  contentLength: 399,
  overview: { objective: '', problem: '', solution: '' },
  functionalRequirements: [],
  nonFunctionalRequirements: [],
  scope: { inScope: [], outOfScope: [] },
  acceptanceCriteria: [],
  risks: [],
  metrics: { primary: [], secondary: [] },
  timeline: { mvpDate: '', phases: [] }
}
[PDF-GENERATOR] PRD Zod schema validation failed: {
  demandId: 999,
  errors: [
    '[title] Título deve ter no mínimo 5 caracteres',
    '[overview.objective] Objetivo deve ter no mínimo 20 caracteres',
    '[overview.problem] Descrição do problema deve ter no mínimo 20 caracteres',
    '[overview.solution] Descrição da solução deve ter no mínimo 20 caracteres',
    '[functionalRequirements] Pelo menos um requisito funcional é obrigatório',
    '[nonFunctionalRequirements] Pelo menos um requisito não funcional é obrigatório',
    "[scope.inScope] Pelo menos um item 'In Scope' é obrigatório",
    "[scope.outOfScope] Pelo menos um item 'Out of Scope' é obrigatório",
    '[acceptanceCriteria] Pelo menos um critério de aceitação geral é obrigatório',
    '[risks] Pelo menos um risco deve ser identificado',
    '[metrics.primary] Pelo menos um KPI primário é obrigatório',
    '[timeline.mvpDate] Data deve estar no formato YYYY-MM-DD'
  ],
  timestamp: '2025-12-28T16:15:40.620Z'
}
[PDF-GENERATOR] PRD Schema Error 1: [title] Título deve ter no mínimo 5 caracteres
[PDF-GENERATOR] PRD Schema Error 2: [overview.objective] Objetivo deve ter no mínimo 20 caracteres
[PDF-GENERATOR] PRD Schema Error 3: [overview.problem] Descrição do problema deve ter no mínimo 20 caracteres
[PDF-GENERATOR] PRD Schema Error 4: [overview.solution] Descrição da solução deve ter no mínimo 20 caracteres
[PDF-GENERATOR] PRD Schema Error 5: [functionalRequirements] Pelo menos um requisito funcional é obrigatório
[PDF-GENERATOR] PRD Schema Error 6: [nonFunctionalRequirements] Pelo menos um requisito não funcional é obrigatório
[PDF-GENERATOR] PRD Schema Error 7: [scope.inScope] Pelo menos um item 'In Scope' é obrigatório
[PDF-GENERATOR] PRD Schema Error 8: [scope.outOfScope] Pelo menos um item 'Out of Scope' é obrigatório
[PDF-GENERATOR] PRD Schema Error 9: [acceptanceCriteria] Pelo menos um critério de aceitação geral é obrigatório
[PDF-GENERATOR] PRD Schema Error 10: [risks] Pelo menos um risco deve ser identificado
[PDF-GENERATOR] PRD Schema Error 11: [metrics.primary] Pelo menos um KPI primário é obrigatório
[PDF-GENERATOR] PRD Schema Error 12: [timeline.mvpDate] Data deve estar no formato YYYY-MM-DD
[PDF-GENERATOR] Starting Tasks document generation {
  demandId: 999,
  contentLength: 262,
  timestamp: '2025-12-28T16:15:40.621Z'
}
[PDF-GENERATOR] Tasks Markdown validation failed: {
  demandId: 999,
  errors: [
    {
      field: 'metadados',
      message: 'Seção "Metadados" ausente no documento',
      severity: 'error'
    },
    {
      field: 'prioridade',
      message: 'Campo "Prioridade" ausente ou inválido (deve ser Alta, Média ou Baixa)',
      severity: 'error'
    },
    {
      field: 'responsavel',
      message: 'Campo "Responsável" ausente',
      severity: 'error'
    },
    {
      field: 'status',
      message: 'Campo "Status" ausente ou inválido (deve ser Não Iniciado, Em Progresso ou Concluído)',
      severity: 'error'
    },
    {
      field: 'tarefas',
      message: 'Nenhuma tarefa encontrada com formato válido (T1, T2, etc.)',
      severity: 'error'
    }
  ],
  timestamp: '2025-12-28T16:15:40.621Z'
}

❌ Erros de validação no Tasks:

**Erros críticos:**
1. [metadados] Seção "Metadados" ausente no documento
2. [prioridade] Campo "Prioridade" ausente ou inválido (deve ser Alta, Média ou Baixa)
3. [responsavel] Campo "Responsável" ausente
4. [status] Campo "Status" ausente ou inválido (deve ser Não Iniciado, Em Progresso ou Concluído)
5. [tarefas] Nenhuma tarefa encontrada com formato válido (T1, T2, etc.)

⚠️ **Avisos:**
1. [metricas] Seção "Métricas de Sucesso" ausente
[PDF-GENERATOR] Tasks Markdown validation warnings: {
  demandId: 999,
  warnings: [
    {
      field: 'metricas',
      message: 'Seção "Métricas de Sucesso" ausente',
      severity: 'warning'
    }
  ],
  timestamp: '2025-12-28T16:15:40.621Z'
}
[PDF-GENERATOR-DEBUG] titleMatch: null
[PDF-GENERATOR-DEBUG] versionMatch: null
[PDF-GENERATOR-DEBUG] priorityMatch: null
[PDF-GENERATOR-DEBUG] responsibleMatch: null
[PDF-GENERATOR-DEBUG] statusMatch: null
[PDF-GENERATOR-DEBUG] tasksMatch: null
[PDF-GENERATOR-DEBUG] successMetricsMatch: null
[PDF-GENERATOR] Extracted Tasks data for validation: {
  title: '',
  metadata: {
    priority: 'Média',
    responsible: '@unknown-team',
    status: 'Não Iniciado',
    version: '1.0.0'
  },
  tasks: [],
  successMetrics: [],
  contentLength: 262
}
[PDF-GENERATOR] Tasks Zod schema validation failed: {
  demandId: 999,
  errors: [
    '[title] Título deve ter no mínimo 5 caracteres',
    '[tasks] Pelo menos uma tarefa é obrigatória',
    '[successMetrics] Pelo menos uma métrica de sucesso é obrigatória'
  ],
  timestamp: '2025-12-28T16:15:40.621Z'
}
[PDF-GENERATOR] Tasks Schema Error 1: [title] Título deve ter no mínimo 5 caracteres
[PDF-GENERATOR] Tasks Schema Error 2: [tasks] Pelo menos uma tarefa é obrigatória
[PDF-GENERATOR] Tasks Schema Error 3: [successMetrics] Pelo menos uma métrica de sucesso é obrigatória
1:15:40 PM [express] GET /api/test-pdf 200 in 4ms :: {"message":"PDF generation test completed succe…
1:15:43 PM [express] GET /api/documents/test_prd.pdf 200 in 0ms
[PDF-GENERATOR] Starting PRD document generation {
  demandId: 999,
  contentLength: 399,
  timestamp: '2025-12-28T16:15:59.887Z'
}
[PDF-GENERATOR] PRD Markdown validation failed: {
  demandId: 999,
  errors: [
    {
      field: 'escopo',
      message: 'Seção "Escopo" ausente no documento',
      severity: 'error'
    },
    {
      field: 'in_scope',
      message: 'Subseção "In Scope" ausente',
      severity: 'error'
    },
    {
      field: 'out_scope',
      message: 'Subseção "Out of Scope" ausente',
      severity: 'error'
    },
    {
      field: 'requisitos_funcionais',
      message: 'Nenhum requisito funcional encontrado com formato válido (RF1, RF2, etc.)',
      severity: 'error'
    },
    {
      field: 'criterios_aceitacao',
      message: 'Seção "Critérios de Aceitação Gerais" ausente',
      severity: 'error'
    }
  ],
  timestamp: '2025-12-28T16:15:59.887Z'
}

❌ Erros de validação no PRD:

**Erros críticos:**
1. [escopo] Seção "Escopo" ausente no documento
2. [in_scope] Subseção "In Scope" ausente
3. [out_scope] Subseção "Out of Scope" ausente
4. [requisitos_funcionais] Nenhum requisito funcional encontrado com formato válido (RF1, RF2, etc.)
5. [criterios_aceitacao] Seção "Critérios de Aceitação Gerais" ausente

⚠️ **Avisos:**
1. [metricas] Seção "Métricas de Sucesso" ausente
[PDF-GENERATOR] PRD Markdown validation warnings: {
  demandId: 999,
  warnings: [
    {
      field: 'metricas',
      message: 'Seção "Métricas de Sucesso" ausente',
      severity: 'warning'
    }
  ],
  timestamp: '2025-12-28T16:15:59.887Z'
}
[PDF-GENERATOR-DEBUG] titleMatch: null
[PDF-GENERATOR-DEBUG] versionMatch: null
[PDF-GENERATOR-DEBUG] overviewObjectiveMatch: null
[PDF-GENERATOR-DEBUG] overviewProblemMatch: null
[PDF-GENERATOR-DEBUG] overviewSolutionMatch: null
[PDF-GENERATOR-DEBUG] functionalRequirementsMatch: null
[PDF-GENERATOR-DEBUG] nonFunctionalRequirementsMatch: null
[PDF-GENERATOR-DEBUG] inScopeMatch: null
[PDF-GENERATOR-DEBUG] outOfScopeMatch: null
[PDF-GENERATOR-DEBUG] acceptanceCriteriaMatch: null
[PDF-GENERATOR-DEBUG] risksMatch: null
[PDF-GENERATOR-DEBUG] primaryMetricsMatch: null
[PDF-GENERATOR-DEBUG] secondaryMetricsMatch: null
[PDF-GENERATOR-DEBUG] timelineMatch: null
[PDF-GENERATOR] Extracted PRD data for validation: {
  title: '',
  version: '1.0.0',
  hasTitle: false,
  contentLength: 399,
  overview: { objective: '', problem: '', solution: '' },
  functionalRequirements: [],
  nonFunctionalRequirements: [],
  scope: { inScope: [], outOfScope: [] },
  acceptanceCriteria: [],
  risks: [],
  metrics: { primary: [], secondary: [] },
  timeline: { mvpDate: '', phases: [] }
}
[PDF-GENERATOR] PRD Zod schema validation failed: {
  demandId: 999,
  errors: [
    '[title] Título deve ter no mínimo 5 caracteres',
    '[overview.objective] Objetivo deve ter no mínimo 20 caracteres',
    '[overview.problem] Descrição do problema deve ter no mínimo 20 caracteres',
    '[overview.solution] Descrição da solução deve ter no mínimo 20 caracteres',
    '[functionalRequirements] Pelo menos um requisito funcional é obrigatório',
    '[nonFunctionalRequirements] Pelo menos um requisito não funcional é obrigatório',
    "[scope.inScope] Pelo menos um item 'In Scope' é obrigatório",
    "[scope.outOfScope] Pelo menos um item 'Out of Scope' é obrigatório",
    '[acceptanceCriteria] Pelo menos um critério de aceitação geral é obrigatório',
    '[risks] Pelo menos um risco deve ser identificado',
    '[metrics.primary] Pelo menos um KPI primário é obrigatório',
    '[timeline.mvpDate] Data deve estar no formato YYYY-MM-DD'
  ],
  timestamp: '2025-12-28T16:15:59.887Z'
}
[PDF-GENERATOR] PRD Schema Error 1: [title] Título deve ter no mínimo 5 caracteres
[PDF-GENERATOR] PRD Schema Error 2: [overview.objective] Objetivo deve ter no mínimo 20 caracteres
[PDF-GENERATOR] PRD Schema Error 3: [overview.problem] Descrição do problema deve ter no mínimo 20 caracteres
[PDF-GENERATOR] PRD Schema Error 4: [overview.solution] Descrição da solução deve ter no mínimo 20 caracteres
[PDF-GENERATOR] PRD Schema Error 5: [functionalRequirements] Pelo menos um requisito funcional é obrigatório
[PDF-GENERATOR] PRD Schema Error 6: [nonFunctionalRequirements] Pelo menos um requisito não funcional é obrigatório
[PDF-GENERATOR] PRD Schema Error 7: [scope.inScope] Pelo menos um item 'In Scope' é obrigatório
[PDF-GENERATOR] PRD Schema Error 8: [scope.outOfScope] Pelo menos um item 'Out of Scope' é obrigatório
[PDF-GENERATOR] PRD Schema Error 9: [acceptanceCriteria] Pelo menos um critério de aceitação geral é obrigatório
[PDF-GENERATOR] PRD Schema Error 10: [risks] Pelo menos um risco deve ser identificado
[PDF-GENERATOR] PRD Schema Error 11: [metrics.primary] Pelo menos um KPI primário é obrigatório
[PDF-GENERATOR] PRD Schema Error 12: [timeline.mvpDate] Data deve estar no formato YYYY-MM-DD
[PDF-GENERATOR] Starting Tasks document generation {
  demandId: 999,
  contentLength: 262,
  timestamp: '2025-12-28T16:15:59.889Z'
}
[PDF-GENERATOR] Tasks Markdown validation failed: {
  demandId: 999,
  errors: [
    {
      field: 'metadados',
      message: 'Seção "Metadados" ausente no documento',
      severity: 'error'
    },
    {
      field: 'prioridade',
      message: 'Campo "Prioridade" ausente ou inválido (deve ser Alta, Média ou Baixa)',
      severity: 'error'
    },
    {
      field: 'responsavel',
      message: 'Campo "Responsável" ausente',
      severity: 'error'
    },
    {
      field: 'status',
      message: 'Campo "Status" ausente ou inválido (deve ser Não Iniciado, Em Progresso ou Concluído)',
      severity: 'error'
    },
    {
      field: 'tarefas',
      message: 'Nenhuma tarefa encontrada com formato válido (T1, T2, etc.)',
      severity: 'error'
    }
  ],
  timestamp: '2025-12-28T16:15:59.889Z'
}

❌ Erros de validação no Tasks:

**Erros críticos:**
1. [metadados] Seção "Metadados" ausente no documento
2. [prioridade] Campo "Prioridade" ausente ou inválido (deve ser Alta, Média ou Baixa)
3. [responsavel] Campo "Responsável" ausente
4. [status] Campo "Status" ausente ou inválido (deve ser Não Iniciado, Em Progresso ou Concluído)
5. [tarefas] Nenhuma tarefa encontrada com formato válido (T1, T2, etc.)

⚠️ **Avisos:**
1. [metricas] Seção "Métricas de Sucesso" ausente
[PDF-GENERATOR] Tasks Markdown validation warnings: {
  demandId: 999,
  warnings: [
    {
      field: 'metricas',
      message: 'Seção "Métricas de Sucesso" ausente',
      severity: 'warning'
    }
  ],
  timestamp: '2025-12-28T16:15:59.889Z'
}
[PDF-GENERATOR-DEBUG] titleMatch: null
[PDF-GENERATOR-DEBUG] versionMatch: null
[PDF-GENERATOR-DEBUG] priorityMatch: null
[PDF-GENERATOR-DEBUG] responsibleMatch: null
[PDF-GENERATOR-DEBUG] statusMatch: null
[PDF-GENERATOR-DEBUG] tasksMatch: null
[PDF-GENERATOR-DEBUG] successMetricsMatch: null
[PDF-GENERATOR] Extracted Tasks data for validation: {
  title: '',
  metadata: {
    priority: 'Média',
    responsible: '@unknown-team',
    status: 'Não Iniciado',
    version: '1.0.0'
  },
  tasks: [],
  successMetrics: [],
  contentLength: 262
}
[PDF-GENERATOR] Tasks Zod schema validation failed: {
  demandId: 999,
  errors: [
    '[title] Título deve ter no mínimo 5 caracteres',
    '[tasks] Pelo menos uma tarefa é obrigatória',
    '[successMetrics] Pelo menos uma métrica de sucesso é obrigatória'
  ],
  timestamp: '2025-12-28T16:15:59.889Z'
}
[PDF-GENERATOR] Tasks Schema Error 1: [title] Título deve ter no mínimo 5 caracteres
[PDF-GENERATOR] Tasks Schema Error 2: [tasks] Pelo menos uma tarefa é obrigatória
[PDF-GENERATOR] Tasks Schema Error 3: [successMetrics] Pelo menos uma métrica de sucesso é obrigatória
1:15:59 PM [express] GET /api/test-pdf 200 in 4ms :: {"message":"PDF generation test completed succe…
[PDF-GENERATOR] Starting PRD document generation {
  demandId: 999,
  contentLength: 399,
  timestamp: '2025-12-28T16:16:40.806Z'
}
[PDF-GENERATOR] PRD Markdown validation failed: {
  demandId: 999,
  errors: [
    {
      field: 'escopo',
      message: 'Seção "Escopo" ausente no documento',
      severity: 'error'
    },
    {
      field: 'in_scope',
      message: 'Subseção "In Scope" ausente',
      severity: 'error'
    },
    {
      field: 'out_scope',
      message: 'Subseção "Out of Scope" ausente',
      severity: 'error'
    },
    {
      field: 'requisitos_funcionais',
      message: 'Nenhum requisito funcional encontrado com formato válido (RF1, RF2, etc.)',
      severity: 'error'
    },
    {
      field: 'criterios_aceitacao',
      message: 'Seção "Critérios de Aceitação Gerais" ausente',
      severity: 'error'
    }
  ],
  timestamp: '2025-12-28T16:16:40.806Z'
}

❌ Erros de validação no PRD:

**Erros críticos:**
1. [escopo] Seção "Escopo" ausente no documento
2. [in_scope] Subseção "In Scope" ausente
3. [out_scope] Subseção "Out of Scope" ausente
4. [requisitos_funcionais] Nenhum requisito funcional encontrado com formato válido (RF1, RF2, etc.)
5. [criterios_aceitacao] Seção "Critérios de Aceitação Gerais" ausente

⚠️ **Avisos:**
1. [metricas] Seção "Métricas de Sucesso" ausente
[PDF-GENERATOR] PRD Markdown validation warnings: {
  demandId: 999,
  warnings: [
    {
      field: 'metricas',
      message: 'Seção "Métricas de Sucesso" ausente',
      severity: 'warning'
    }
  ],
  timestamp: '2025-12-28T16:16:40.806Z'
}
[PDF-GENERATOR-DEBUG] titleMatch: null
[PDF-GENERATOR-DEBUG] versionMatch: null
[PDF-GENERATOR-DEBUG] overviewObjectiveMatch: null
[PDF-GENERATOR-DEBUG] overviewProblemMatch: null
[PDF-GENERATOR-DEBUG] overviewSolutionMatch: null
[PDF-GENERATOR-DEBUG] functionalRequirementsMatch: null
[PDF-GENERATOR-DEBUG] nonFunctionalRequirementsMatch: null
[PDF-GENERATOR-DEBUG] inScopeMatch: null
[PDF-GENERATOR-DEBUG] outOfScopeMatch: null
[PDF-GENERATOR-DEBUG] acceptanceCriteriaMatch: null
[PDF-GENERATOR-DEBUG] risksMatch: null
[PDF-GENERATOR-DEBUG] primaryMetricsMatch: null
[PDF-GENERATOR-DEBUG] secondaryMetricsMatch: null
[PDF-GENERATOR-DEBUG] timelineMatch: null
[PDF-GENERATOR] Extracted PRD data for validation: {
  title: '',
  version: '1.0.0',
  hasTitle: false,
  contentLength: 399,
  overview: { objective: '', problem: '', solution: '' },
  functionalRequirements: [],
  nonFunctionalRequirements: [],
  scope: { inScope: [], outOfScope: [] },
  acceptanceCriteria: [],
  risks: [],
  metrics: { primary: [], secondary: [] },
  timeline: { mvpDate: '', phases: [] }
}
[PDF-GENERATOR] PRD Zod schema validation failed: {
  demandId: 999,
  errors: [
    '[title] Título deve ter no mínimo 5 caracteres',
    '[overview.objective] Objetivo deve ter no mínimo 20 caracteres',
    '[overview.problem] Descrição do problema deve ter no mínimo 20 caracteres',
    '[overview.solution] Descrição da solução deve ter no mínimo 20 caracteres',
    '[functionalRequirements] Pelo menos um requisito funcional é obrigatório',
    '[nonFunctionalRequirements] Pelo menos um requisito não funcional é obrigatório',
    "[scope.inScope] Pelo menos um item 'In Scope' é obrigatório",
    "[scope.outOfScope] Pelo menos um item 'Out of Scope' é obrigatório",
    '[acceptanceCriteria] Pelo menos um critério de aceitação geral é obrigatório',
    '[risks] Pelo menos um risco deve ser identificado',
    '[metrics.primary] Pelo menos um KPI primário é obrigatório',
    '[timeline.mvpDate] Data deve estar no formato YYYY-MM-DD'
  ],
  timestamp: '2025-12-28T16:16:40.806Z'
}
[PDF-GENERATOR] PRD Schema Error 1: [title] Título deve ter no mínimo 5 caracteres
[PDF-GENERATOR] PRD Schema Error 2: [overview.objective] Objetivo deve ter no mínimo 20 caracteres
[PDF-GENERATOR] PRD Schema Error 3: [overview.problem] Descrição do problema deve ter no mínimo 20 caracteres
[PDF-GENERATOR] PRD Schema Error 4: [overview.solution] Descrição da solução deve ter no mínimo 20 caracteres
[PDF-GENERATOR] PRD Schema Error 5: [functionalRequirements] Pelo menos um requisito funcional é obrigatório
[PDF-GENERATOR] PRD Schema Error 6: [nonFunctionalRequirements] Pelo menos um requisito não funcional é obrigatório
[PDF-GENERATOR] PRD Schema Error 7: [scope.inScope] Pelo menos um item 'In Scope' é obrigatório
[PDF-GENERATOR] PRD Schema Error 8: [scope.outOfScope] Pelo menos um item 'Out of Scope' é obrigatório
[PDF-GENERATOR] PRD Schema Error 9: [acceptanceCriteria] Pelo menos um critério de aceitação geral é obrigatório
[PDF-GENERATOR] PRD Schema Error 10: [risks] Pelo menos um risco deve ser identificado
[PDF-GENERATOR] PRD Schema Error 11: [metrics.primary] Pelo menos um KPI primário é obrigatório
[PDF-GENERATOR] PRD Schema Error 12: [timeline.mvpDate] Data deve estar no formato YYYY-MM-DD
[PDF-GENERATOR] Starting Tasks document generation {
  demandId: 999,
  contentLength: 262,
  timestamp: '2025-12-28T16:16:40.808Z'
}
[PDF-GENERATOR] Tasks Markdown validation failed: {
  demandId: 999,
  errors: [
    {
      field: 'metadados',
      message: 'Seção "Metadados" ausente no documento',
      severity: 'error'
    },
    {
      field: 'prioridade',
      message: 'Campo "Prioridade" ausente ou inválido (deve ser Alta, Média ou Baixa)',
      severity: 'error'
    },
    {
      field: 'responsavel',
      message: 'Campo "Responsável" ausente',
      severity: 'error'
    },
    {
      field: 'status',
      message: 'Campo "Status" ausente ou inválido (deve ser Não Iniciado, Em Progresso ou Concluído)',
      severity: 'error'
    },
    {
      field: 'tarefas',
      message: 'Nenhuma tarefa encontrada com formato válido (T1, T2, etc.)',
      severity: 'error'
    }
  ],
  timestamp: '2025-12-28T16:16:40.808Z'
}

❌ Erros de validação no Tasks:

**Erros críticos:**
1. [metadados] Seção "Metadados" ausente no documento
2. [prioridade] Campo "Prioridade" ausente ou inválido (deve ser Alta, Média ou Baixa)
3. [responsavel] Campo "Responsável" ausente
4. [status] Campo "Status" ausente ou inválido (deve ser Não Iniciado, Em Progresso ou Concluído)
5. [tarefas] Nenhuma tarefa encontrada com formato válido (T1, T2, etc.)

⚠️ **Avisos:**
1. [metricas] Seção "Métricas de Sucesso" ausente
[PDF-GENERATOR] Tasks Markdown validation warnings: {
  demandId: 999,
  warnings: [
    {
      field: 'metricas',
      message: 'Seção "Métricas de Sucesso" ausente',
      severity: 'warning'
    }
  ],
  timestamp: '2025-12-28T16:16:40.808Z'
}
[PDF-GENERATOR-DEBUG] titleMatch: null
[PDF-GENERATOR-DEBUG] versionMatch: null
[PDF-GENERATOR-DEBUG] priorityMatch: null
[PDF-GENERATOR-DEBUG] responsibleMatch: null
[PDF-GENERATOR-DEBUG] statusMatch: null
[PDF-GENERATOR-DEBUG] tasksMatch: null
[PDF-GENERATOR-DEBUG] successMetricsMatch: null
[PDF-GENERATOR] Extracted Tasks data for validation: {
  title: '',
  metadata: {
    priority: 'Média',
    responsible: '@unknown-team',
    status: 'Não Iniciado',
    version: '1.0.0'
  },
  tasks: [],
  successMetrics: [],
  contentLength: 262
}
[PDF-GENERATOR] Tasks Zod schema validation failed: {
  demandId: 999,
  errors: [
    '[title] Título deve ter no mínimo 5 caracteres',
    '[tasks] Pelo menos uma tarefa é obrigatória',
    '[successMetrics] Pelo menos uma métrica de sucesso é obrigatória'
  ],
  timestamp: '2025-12-28T16:16:40.808Z'
}
[PDF-GENERATOR] Tasks Schema Error 1: [title] Título deve ter no mínimo 5 caracteres
[PDF-GENERATOR] Tasks Schema Error 2: [tasks] Pelo menos uma tarefa é obrigatória
[PDF-GENERATOR] Tasks Schema Error 3: [successMetrics] Pelo menos uma métrica de sucesso é obrigatória
1:16:40 PM [express] GET /api/test-pdf 200 in 3ms :: {"message":"PDF generation test completed succe…
1:16:44 PM [express] GET /api/documents/test_prd.pdf 200 in 0ms
[PDF-GENERATOR] Starting PRD document generation {
  demandId: 999,
  contentLength: 399,
  timestamp: '2025-12-28T16:17:00.057Z'
}
[PDF-GENERATOR] PRD Markdown validation failed: {
  demandId: 999,
  errors: [
    {
      field: 'escopo',
      message: 'Seção "Escopo" ausente no documento',
      severity: 'error'
    },
    {
      field: 'in_scope',
      message: 'Subseção "In Scope" ausente',
      severity: 'error'
    },
    {
      field: 'out_scope',
      message: 'Subseção "Out of Scope" ausente',
      severity: 'error'
    },
    {
      field: 'requisitos_funcionais',
      message: 'Nenhum requisito funcional encontrado com formato válido (RF1, RF2, etc.)',
      severity: 'error'
    },
    {
      field: 'criterios_aceitacao',
      message: 'Seção "Critérios de Aceitação Gerais" ausente',
      severity: 'error'
    }
  ],
  timestamp: '2025-12-28T16:17:00.057Z'
}

❌ Erros de validação no PRD:

**Erros críticos:**
1. [escopo] Seção "Escopo" ausente no documento
2. [in_scope] Subseção "In Scope" ausente
3. [out_scope] Subseção "Out of Scope" ausente
4. [requisitos_funcionais] Nenhum requisito funcional encontrado com formato válido (RF1, RF2, etc.)
5. [criterios_aceitacao] Seção "Critérios de Aceitação Gerais" ausente

⚠️ **Avisos:**
1. [metricas] Seção "Métricas de Sucesso" ausente
[PDF-GENERATOR] PRD Markdown validation warnings: {
  demandId: 999,
  warnings: [
    {
      field: 'metricas',
      message: 'Seção "Métricas de Sucesso" ausente',
      severity: 'warning'
    }
  ],
  timestamp: '2025-12-28T16:17:00.057Z'
}
[PDF-GENERATOR-DEBUG] titleMatch: null
[PDF-GENERATOR-DEBUG] versionMatch: null
[PDF-GENERATOR-DEBUG] overviewObjectiveMatch: null
[PDF-GENERATOR-DEBUG] overviewProblemMatch: null
[PDF-GENERATOR-DEBUG] overviewSolutionMatch: null
[PDF-GENERATOR-DEBUG] functionalRequirementsMatch: null
[PDF-GENERATOR-DEBUG] nonFunctionalRequirementsMatch: null
[PDF-GENERATOR-DEBUG] inScopeMatch: null
[PDF-GENERATOR-DEBUG] outOfScopeMatch: null
[PDF-GENERATOR-DEBUG] acceptanceCriteriaMatch: null
[PDF-GENERATOR-DEBUG] risksMatch: null
[PDF-GENERATOR-DEBUG] primaryMetricsMatch: null
[PDF-GENERATOR-DEBUG] secondaryMetricsMatch: null
[PDF-GENERATOR-DEBUG] timelineMatch: null
[PDF-GENERATOR] Extracted PRD data for validation: {
  title: '',
  version: '1.0.0',
  hasTitle: false,
  contentLength: 399,
  overview: { objective: '', problem: '', solution: '' },
  functionalRequirements: [],
  nonFunctionalRequirements: [],
  scope: { inScope: [], outOfScope: [] },
  acceptanceCriteria: [],
  risks: [],
  metrics: { primary: [], secondary: [] },
  timeline: { mvpDate: '', phases: [] }
}
[PDF-GENERATOR] PRD Zod schema validation failed: {
  demandId: 999,
  errors: [
    '[title] Título deve ter no mínimo 5 caracteres',
    '[overview.objective] Objetivo deve ter no mínimo 20 caracteres',
    '[overview.problem] Descrição do problema deve ter no mínimo 20 caracteres',
    '[overview.solution] Descrição da solução deve ter no mínimo 20 caracteres',
    '[functionalRequirements] Pelo menos um requisito funcional é obrigatório',
    '[nonFunctionalRequirements] Pelo menos um requisito não funcional é obrigatório',
    "[scope.inScope] Pelo menos um item 'In Scope' é obrigatório",
    "[scope.outOfScope] Pelo menos um item 'Out of Scope' é obrigatório",
    '[acceptanceCriteria] Pelo menos um critério de aceitação geral é obrigatório',
    '[risks] Pelo menos um risco deve ser identificado',
    '[metrics.primary] Pelo menos um KPI primário é obrigatório',
    '[timeline.mvpDate] Data deve estar no formato YYYY-MM-DD'
  ],
  timestamp: '2025-12-28T16:17:00.057Z'
}
[PDF-GENERATOR] PRD Schema Error 1: [title] Título deve ter no mínimo 5 caracteres
[PDF-GENERATOR] PRD Schema Error 2: [overview.objective] Objetivo deve ter no mínimo 20 caracteres
[PDF-GENERATOR] PRD Schema Error 3: [overview.problem] Descrição do problema deve ter no mínimo 20 caracteres
[PDF-GENERATOR] PRD Schema Error 4: [overview.solution] Descrição da solução deve ter no mínimo 20 caracteres
[PDF-GENERATOR] PRD Schema Error 5: [functionalRequirements] Pelo menos um requisito funcional é obrigatório
[PDF-GENERATOR] PRD Schema Error 6: [nonFunctionalRequirements] Pelo menos um requisito não funcional é obrigatório
[PDF-GENERATOR] PRD Schema Error 7: [scope.inScope] Pelo menos um item 'In Scope' é obrigatório
[PDF-GENERATOR] PRD Schema Error 8: [scope.outOfScope] Pelo menos um item 'Out of Scope' é obrigatório
[PDF-GENERATOR] PRD Schema Error 9: [acceptanceCriteria] Pelo menos um critério de aceitação geral é obrigatório
[PDF-GENERATOR] PRD Schema Error 10: [risks] Pelo menos um risco deve ser identificado
[PDF-GENERATOR] PRD Schema Error 11: [metrics.primary] Pelo menos um KPI primário é obrigatório
[PDF-GENERATOR] PRD Schema Error 12: [timeline.mvpDate] Data deve estar no formato YYYY-MM-DD
[PDF-GENERATOR] Starting Tasks document generation {
  demandId: 999,
  contentLength: 262,
  timestamp: '2025-12-28T16:17:00.059Z'
}
[PDF-GENERATOR] Tasks Markdown validation failed: {
  demandId: 999,
  errors: [
    {
      field: 'metadados',
      message: 'Seção "Metadados" ausente no documento',
      severity: 'error'
    },
    {
      field: 'prioridade',
      message: 'Campo "Prioridade" ausente ou inválido (deve ser Alta, Média ou Baixa)',
      severity: 'error'
    },
    {
      field: 'responsavel',
      message: 'Campo "Responsável" ausente',
      severity: 'error'
    },
    {
      field: 'status',
      message: 'Campo "Status" ausente ou inválido (deve ser Não Iniciado, Em Progresso ou Concluído)',
      severity: 'error'
    },
    {
      field: 'tarefas',
      message: 'Nenhuma tarefa encontrada com formato válido (T1, T2, etc.)',
      severity: 'error'
    }
  ],
  timestamp: '2025-12-28T16:17:00.059Z'
}

❌ Erros de validação no Tasks:

**Erros críticos:**
1. [metadados] Seção "Metadados" ausente no documento
2. [prioridade] Campo "Prioridade" ausente ou inválido (deve ser Alta, Média ou Baixa)
3. [responsavel] Campo "Responsável" ausente
4. [status] Campo "Status" ausente ou inválido (deve ser Não Iniciado, Em Progresso ou Concluído)
5. [tarefas] Nenhuma tarefa encontrada com formato válido (T1, T2, etc.)

⚠️ **Avisos:**
1. [metricas] Seção "Métricas de Sucesso" ausente
[PDF-GENERATOR] Tasks Markdown validation warnings: {
  demandId: 999,
  warnings: [
    {
      field: 'metricas',
      message: 'Seção "Métricas de Sucesso" ausente',
      severity: 'warning'
    }
  ],
  timestamp: '2025-12-28T16:17:00.059Z'
}
[PDF-GENERATOR-DEBUG] titleMatch: null
[PDF-GENERATOR-DEBUG] versionMatch: null
[PDF-GENERATOR-DEBUG] priorityMatch: null
[PDF-GENERATOR-DEBUG] responsibleMatch: null
[PDF-GENERATOR-DEBUG] statusMatch: null
[PDF-GENERATOR-DEBUG] tasksMatch: null
[PDF-GENERATOR-DEBUG] successMetricsMatch: null
[PDF-GENERATOR] Extracted Tasks data for validation: {
  title: '',
  metadata: {
    priority: 'Média',
    responsible: '@unknown-team',
    status: 'Não Iniciado',
    version: '1.0.0'
  },
  tasks: [],
  successMetrics: [],
  contentLength: 262
}
[PDF-GENERATOR] Tasks Zod schema validation failed: {
  demandId: 999,
  errors: [
    '[title] Título deve ter no mínimo 5 caracteres',
    '[tasks] Pelo menos uma tarefa é obrigatória',
    '[successMetrics] Pelo menos uma métrica de sucesso é obrigatória'
  ],
  timestamp: '2025-12-28T16:17:00.059Z'
}
[PDF-GENERATOR] Tasks Schema Error 1: [title] Título deve ter no mínimo 5 caracteres
[PDF-GENERATOR] Tasks Schema Error 2: [tasks] Pelo menos uma tarefa é obrigatória
[PDF-GENERATOR] Tasks Schema Error 3: [successMetrics] Pelo menos uma métrica de sucesso é obrigatória
1:17:00 PM [express] GET /api/test-pdf 200 in 4ms :: {"message":"PDF generation test completed succe…
[PDF-GENERATOR] Starting PRD document generation {
  demandId: 999,
  contentLength: 399,
  timestamp: '2025-12-28T16:50:19.982Z'
}
[PDF-GENERATOR] PRD Markdown validation failed: {
  demandId: 999,
  errors: [
    {
      field: 'escopo',
      message: 'Seção "Escopo" ausente no documento',
      severity: 'error'
    },
    {
      field: 'in_scope',
      message: 'Subseção "In Scope" ausente',
      severity: 'error'
    },
    {
      field: 'out_scope',
      message: 'Subseção "Out of Scope" ausente',
      severity: 'error'
    },
    {
      field: 'requisitos_funcionais',
      message: 'Nenhum requisito funcional encontrado com formato válido (RF1, RF2, etc.)',
      severity: 'error'
    },
    {
      field: 'criterios_aceitacao',
      message: 'Seção "Critérios de Aceitação Gerais" ausente',
      severity: 'error'
    }
  ],
  timestamp: '2025-12-28T16:50:19.983Z'
}

❌ Erros de validação no PRD:

**Erros críticos:**
1. [escopo] Seção "Escopo" ausente no documento
2. [in_scope] Subseção "In Scope" ausente
3. [out_scope] Subseção "Out of Scope" ausente
4. [requisitos_funcionais] Nenhum requisito funcional encontrado com formato válido (RF1, RF2, etc.)
5. [criterios_aceitacao] Seção "Critérios de Aceitação Gerais" ausente

⚠️ **Avisos:**
1. [metricas] Seção "Métricas de Sucesso" ausente
[PDF-GENERATOR] PRD Markdown validation warnings: {
  demandId: 999,
  warnings: [
    {
      field: 'metricas',
      message: 'Seção "Métricas de Sucesso" ausente',
      severity: 'warning'
    }
  ],
  timestamp: '2025-12-28T16:50:19.984Z'
}
[PDF-GENERATOR-DEBUG] titleMatch: null
[PDF-GENERATOR-DEBUG] versionMatch: null
[PDF-GENERATOR-DEBUG] overviewObjectiveMatch: null
[PDF-GENERATOR-DEBUG] overviewProblemMatch: null
[PDF-GENERATOR-DEBUG] overviewSolutionMatch: null
[PDF-GENERATOR-DEBUG] functionalRequirementsMatch: null
[PDF-GENERATOR-DEBUG] nonFunctionalRequirementsMatch: null
[PDF-GENERATOR-DEBUG] inScopeMatch: null
[PDF-GENERATOR-DEBUG] outOfScopeMatch: null
[PDF-GENERATOR-DEBUG] acceptanceCriteriaMatch: null
[PDF-GENERATOR-DEBUG] risksMatch: null
[PDF-GENERATOR-DEBUG] primaryMetricsMatch: null
[PDF-GENERATOR-DEBUG] secondaryMetricsMatch: null
[PDF-GENERATOR-DEBUG] timelineMatch: null
[PDF-GENERATOR] Extracted PRD data for validation: {
  title: '',
  version: '1.0.0',
  hasTitle: false,
  contentLength: 399,
  overview: { objective: '', problem: '', solution: '' },
  functionalRequirements: [],
  nonFunctionalRequirements: [],
  scope: { inScope: [], outOfScope: [] },
  acceptanceCriteria: [],
  risks: [],
  metrics: { primary: [], secondary: [] },
  timeline: { mvpDate: '', phases: [] }
}
[PDF-GENERATOR] PRD Zod schema validation failed: {
  demandId: 999,
  errors: [
    '[title] Título deve ter no mínimo 5 caracteres',
    '[overview.objective] Objetivo deve ter no mínimo 20 caracteres',
    '[overview.problem] Descrição do problema deve ter no mínimo 20 caracteres',
    '[overview.solution] Descrição da solução deve ter no mínimo 20 caracteres',
    '[functionalRequirements] Pelo menos um requisito funcional é obrigatório',
    '[nonFunctionalRequirements] Pelo menos um requisito não funcional é obrigatório',
    "[scope.inScope] Pelo menos um item 'In Scope' é obrigatório",
    "[scope.outOfScope] Pelo menos um item 'Out of Scope' é obrigatório",
    '[acceptanceCriteria] Pelo menos um critério de aceitação geral é obrigatório',
    '[risks] Pelo menos um risco deve ser identificado',
    '[metrics.primary] Pelo menos um KPI primário é obrigatório',
    '[timeline.mvpDate] Data deve estar no formato YYYY-MM-DD'
  ],
  timestamp: '2025-12-28T16:50:19.984Z'
}
[PDF-GENERATOR] PRD Schema Error 1: [title] Título deve ter no mínimo 5 caracteres
[PDF-GENERATOR] PRD Schema Error 2: [overview.objective] Objetivo deve ter no mínimo 20 caracteres
[PDF-GENERATOR] PRD Schema Error 3: [overview.problem] Descrição do problema deve ter no mínimo 20 caracteres
[PDF-GENERATOR] PRD Schema Error 4: [overview.solution] Descrição da solução deve ter no mínimo 20 caracteres
[PDF-GENERATOR] PRD Schema Error 5: [functionalRequirements] Pelo menos um requisito funcional é obrigatório
[PDF-GENERATOR] PRD Schema Error 6: [nonFunctionalRequirements] Pelo menos um requisito não funcional é obrigatório
[PDF-GENERATOR] PRD Schema Error 7: [scope.inScope] Pelo menos um item 'In Scope' é obrigatório
[PDF-GENERATOR] PRD Schema Error 8: [scope.outOfScope] Pelo menos um item 'Out of Scope' é obrigatório
[PDF-GENERATOR] PRD Schema Error 9: [acceptanceCriteria] Pelo menos um critério de aceitação geral é obrigatório
[PDF-GENERATOR] PRD Schema Error 10: [risks] Pelo menos um risco deve ser identificado
[PDF-GENERATOR] PRD Schema Error 11: [metrics.primary] Pelo menos um KPI primário é obrigatório
[PDF-GENERATOR] PRD Schema Error 12: [timeline.mvpDate] Data deve estar no formato YYYY-MM-DD
[PDF-GENERATOR] Starting Tasks document generation {
  demandId: 999,
  contentLength: 262,
  timestamp: '2025-12-28T16:50:19.987Z'
}
[PDF-GENERATOR] Tasks Markdown validation failed: {
  demandId: 999,
  errors: [
    {
      field: 'metadados',
      message: 'Seção "Metadados" ausente no documento',
      severity: 'error'
    },
    {
      field: 'prioridade',
      message: 'Campo "Prioridade" ausente ou inválido (deve ser Alta, Média ou Baixa)',
      severity: 'error'
    },
    {
      field: 'responsavel',
      message: 'Campo "Responsável" ausente',
      severity: 'error'
    },
    {
      field: 'status',
      message: 'Campo "Status" ausente ou inválido (deve ser Não Iniciado, Em Progresso ou Concluído)',
      severity: 'error'
    },
    {
      field: 'tarefas',
      message: 'Nenhuma tarefa encontrada com formato válido (T1, T2, etc.)',
      severity: 'error'
    }
  ],
  timestamp: '2025-12-28T16:50:19.987Z'
}

❌ Erros de validação no Tasks:

**Erros críticos:**
1. [metadados] Seção "Metadados" ausente no documento
2. [prioridade] Campo "Prioridade" ausente ou inválido (deve ser Alta, Média ou Baixa)
3. [responsavel] Campo "Responsável" ausente
4. [status] Campo "Status" ausente ou inválido (deve ser Não Iniciado, Em Progresso ou Concluído)
5. [tarefas] Nenhuma tarefa encontrada com formato válido (T1, T2, etc.)

⚠️ **Avisos:**
1. [metricas] Seção "Métricas de Sucesso" ausente
[PDF-GENERATOR] Tasks Markdown validation warnings: {
  demandId: 999,
  warnings: [
    {
      field: 'metricas',
      message: 'Seção "Métricas de Sucesso" ausente',
      severity: 'warning'
    }
  ],
  timestamp: '2025-12-28T16:50:19.987Z'
}
[PDF-GENERATOR-DEBUG] titleMatch: null
[PDF-GENERATOR-DEBUG] versionMatch: null
[PDF-GENERATOR-DEBUG] priorityMatch: null
[PDF-GENERATOR-DEBUG] responsibleMatch: null
[PDF-GENERATOR-DEBUG] statusMatch: null
[PDF-GENERATOR-DEBUG] tasksMatch: null
[PDF-GENERATOR-DEBUG] successMetricsMatch: null
[PDF-GENERATOR] Extracted Tasks data for validation: {
  title: '',
  metadata: {
    priority: 'Média',
    responsible: '@unknown-team',
    status: 'Não Iniciado',
    version: '1.0.0'
  },
  tasks: [],
  successMetrics: [],
  contentLength: 262
}
[PDF-GENERATOR] Tasks Zod schema validation failed: {
  demandId: 999,
  errors: [
    '[title] Título deve ter no mínimo 5 caracteres',
    '[tasks] Pelo menos uma tarefa é obrigatória',
    '[successMetrics] Pelo menos uma métrica de sucesso é obrigatória'
  ],
  timestamp: '2025-12-28T16:50:19.987Z'
}
[PDF-GENERATOR] Tasks Schema Error 1: [title] Título deve ter no mínimo 5 caracteres
[PDF-GENERATOR] Tasks Schema Error 2: [tasks] Pelo menos uma tarefa é obrigatória
[PDF-GENERATOR] Tasks Schema Error 3: [successMetrics] Pelo menos uma métrica de sucesso é obrigatória
1:50:19 PM [express] GET /api/test-pdf 200 in 8ms :: {"message":"PDF generation test completed succe…
1:50:22 PM [express] GET /api/documents/test_prd.pdf 200 in 0ms
